This file contains any messages produced by compilers while
running configure, to aid debugging if configure makes a mistake.

It was created by libffi configure 3.0.10rc0, which was
generated by GNU Autoconf 2.65.  Invocation command line was

  $ /home/spark/Purdue/Fall2017/IITP/master/counterUAV/kivy/.buildozer/android/platform/build/build/other_builds/python2/armeabi-v7a/python2/Modules/_ctypes/libffi/configure --host=arm-eabi --build=x86_64-linux-gnu

## --------- ##
## Platform. ##
## --------- ##

hostname = spark-W65-67SC
uname -m = x86_64
uname -r = 4.4.0-96-generic
uname -s = Linux
uname -v = #119-Ubuntu SMP Tue Sep 12 14:59:54 UTC 2017

/usr/bin/uname -p = unknown
/bin/uname -X     = unknown

/bin/arch              = unknown
/usr/bin/arch -k       = unknown
/usr/convex/getsysinfo = unknown
/usr/bin/hostinfo      = unknown
/bin/machine           = unknown
/usr/bin/oslevel       = unknown
/bin/universe          = unknown

PATH: /home/spark/.buildozer/android/platform/android-ndk-r9c/toolchains/arm-linux-androideabi-4.8/prebuilt/linux-x86/bin/
PATH: /home/spark/.buildozer/android/platform/android-ndk-r9c/toolchains/arm-linux-androideabi-4.8/prebuilt/linux-x86_64/bin/
PATH: /home/spark/.buildozer/android/platform/android-ndk-r9c
PATH: /home/spark/.buildozer/android/platform/android-sdk-20/tools
PATH: /home/spark/.buildozer/android/platform/apache-ant-1.9.4/bin
PATH: /usr/local/sbin
PATH: /usr/local/bin
PATH: /usr/sbin
PATH: /usr/bin
PATH: /sbin
PATH: /bin
PATH: /usr/games
PATH: /usr/local/games
PATH: /snap/bin


## ----------- ##
## Core tests. ##
## ----------- ##

configure:2596: checking build system type
configure:2610: result: x86_64-pc-linux-gnu
configure:2630: checking host system type
configure:2643: result: arm-unknown-eabi
configure:2663: checking target system type
configure:2676: result: arm-unknown-eabi
configure:2723: checking for a BSD-compatible install
configure:2791: result: /usr/bin/install -c
configure:2802: checking whether build environment is sane
configure:2852: result: yes
configure:2901: checking for arm-eabi-strip
configure:2928: result: arm-linux-androideabi-strip --strip-unneeded
configure:2993: checking for a thread-safe mkdir -p
configure:3032: result: /bin/mkdir -p
configure:3045: checking for gawk
configure:3075: result: no
configure:3045: checking for mawk
configure:3061: found /usr/bin/mawk
configure:3072: result: mawk
configure:3083: checking whether make -j5 sets $(MAKE)
configure:3105: result: yes
configure:3201: checking for arm-eabi-gcc
configure:3228: result: /usr/bin/ccache arm-linux-androideabi-gcc -DANDROID -mandroid -fomit-frame-pointer --sysroot /home/spark/.buildozer/android/platform/android-ndk-r9c/platforms/android-19/arch-arm
configure:3497: checking for C compiler version
configure:3506: /usr/bin/ccache arm-linux-androideabi-gcc -DANDROID -mandroid -fomit-frame-pointer --sysroot /home/spark/.buildozer/android/platform/android-ndk-r9c/platforms/android-19/arch-arm --version >&5
arm-linux-androideabi-gcc (GCC) 4.8
Copyright (C) 2013 Free Software Foundation, Inc.
This is free software; see the source for copying conditions.  There is NO
warranty; not even for MERCHANTABILITY or FITNESS FOR A PARTICULAR PURPOSE.

configure:3517: $? = 0
configure:3506: /usr/bin/ccache arm-linux-androideabi-gcc -DANDROID -mandroid -fomit-frame-pointer --sysroot /home/spark/.buildozer/android/platform/android-ndk-r9c/platforms/android-19/arch-arm -v >&5
Using built-in specs.
COLLECT_GCC=/home/spark/.buildozer/android/platform/android-ndk-r9c/toolchains/arm-linux-androideabi-4.8/prebuilt/linux-x86_64/bin//arm-linux-androideabi-gcc
COLLECT_LTO_WRAPPER=/home/spark/.buildozer/android/platform/android-ndk-r9c/toolchains/arm-linux-androideabi-4.8/prebuilt/linux-x86_64/bin/../libexec/gcc/arm-linux-androideabi/4.8/lto-wrapper
Target: arm-linux-androideabi
Configured with: /s/ndk-toolchain/src/build/../gcc/gcc-4.8/configure --prefix=/tmp/ndk-andrewhsieh/build/toolchain/prefix --target=arm-linux-androideabi --host=x86_64-linux-gnu --build=x86_64-linux-gnu --with-gnu-as --with-gnu-ld --enable-languages=c,c++ --with-gmp=/tmp/ndk-andrewhsieh/build/toolchain/temp-install --with-mpfr=/tmp/ndk-andrewhsieh/build/toolchain/temp-install --with-mpc=/tmp/ndk-andrewhsieh/build/toolchain/temp-install --with-cloog=/tmp/ndk-andrewhsieh/build/toolchain/temp-install --with-isl=/tmp/ndk-andrewhsieh/build/toolchain/temp-install --with-ppl=/tmp/ndk-andrewhsieh/build/toolchain/temp-install --disable-ppl-version-check --disable-cloog-version-check --disable-isl-version-check --enable-cloog-backend=isl --with-host-libstdcxx='-static-libgcc -Wl,-Bstatic,-lstdc++,-Bdynamic -lm' --disable-libssp --enable-threads --disable-nls --disable-libmudflap --disable-libgomp --disable-libstdc__-v3 --disable-sjlj-exceptions --disable-shared --disable-tls --disable-libitm --with-float=soft --with-fpu=vfp --with-arch=armv5te --enable-target-optspace --enable-initfini-array --disable-nls --prefix=/tmp/ndk-andrewhsieh/build/toolchain/prefix --with-sysroot=/tmp/ndk-andrewhsieh/build/toolchain/prefix/sysroot --with-binutils-version=2.23 --with-mpfr-version=3.1.1 --with-mpc-version=1.0.1 --with-gmp-version=5.0.5 --with-gcc-version=4.8 --with-gdb-version=7.3.x --with-python=/usr/local/google/home/andrewhsieh/mydroid/ndk/prebuilt/linux-x86_64/bin/python-config.sh --with-gxx-include-dir=/tmp/ndk-andrewhsieh/build/toolchain/prefix/include/c++/4.8 --with-bugurl=http://source.android.com/source/report-bugs.html --disable-bootstrap --disable-libquadmath --enable-plugins --enable-libgomp --disable-libsanitizer --enable-gold --enable-graphite=yes --with-cloog-version=0.18.0 --with-isl-version=0.11.1 --enable-eh-frame-hdr-for-static --with-arch=armv5te --program-transform-name='s&^&arm-linux-androideabi-&' --enable-gold=default
Thread model: posix
gcc version 4.8 (GCC) 
configure:3517: $? = 0
configure:3506: /usr/bin/ccache arm-linux-androideabi-gcc -DANDROID -mandroid -fomit-frame-pointer --sysroot /home/spark/.buildozer/android/platform/android-ndk-r9c/platforms/android-19/arch-arm -V >&5
arm-linux-androideabi-gcc: error: unrecognized command line option '-V'
arm-linux-androideabi-gcc: fatal error: no input files
compilation terminated.
configure:3517: $? = 1
configure:3506: /usr/bin/ccache arm-linux-androideabi-gcc -DANDROID -mandroid -fomit-frame-pointer --sysroot /home/spark/.buildozer/android/platform/android-ndk-r9c/platforms/android-19/arch-arm -qversion >&5
arm-linux-androideabi-gcc: error: unrecognized command line option '-qversion'
arm-linux-androideabi-gcc: fatal error: no input files
compilation terminated.
configure:3517: $? = 1
configure:3537: checking whether the C compiler works
configure:3559: /usr/bin/ccache arm-linux-androideabi-gcc -DANDROID -mandroid -fomit-frame-pointer --sysroot /home/spark/.buildozer/android/platform/android-ndk-r9c/platforms/android-19/arch-arm   -lm -L/home/spark/Purdue/Fall2017/IITP/master/counterUAV/kivy/.buildozer/android/platform/build/build/libs_collections/myapp/armeabi-v7a conftest.c  >&5
configure:3563: $? = 0
configure:3612: result: yes
configure:3615: checking for C compiler default output file name
configure:3617: result: a.out
configure:3623: checking for suffix of executables
configure:3630: /usr/bin/ccache arm-linux-androideabi-gcc -DANDROID -mandroid -fomit-frame-pointer --sysroot /home/spark/.buildozer/android/platform/android-ndk-r9c/platforms/android-19/arch-arm -o conftest   -lm -L/home/spark/Purdue/Fall2017/IITP/master/counterUAV/kivy/.buildozer/android/platform/build/build/libs_collections/myapp/armeabi-v7a conftest.c  >&5
configure:3634: $? = 0
configure:3656: result: 
configure:3678: checking whether we are cross compiling
configure:3716: result: yes
configure:3721: checking for suffix of object files
configure:3743: /usr/bin/ccache arm-linux-androideabi-gcc -DANDROID -mandroid -fomit-frame-pointer --sysroot /home/spark/.buildozer/android/platform/android-ndk-r9c/platforms/android-19/arch-arm -c   conftest.c >&5
configure:3747: $? = 0
configure:3768: result: o
configure:3772: checking whether we are using the GNU C compiler
configure:3791: /usr/bin/ccache arm-linux-androideabi-gcc -DANDROID -mandroid -fomit-frame-pointer --sysroot /home/spark/.buildozer/android/platform/android-ndk-r9c/platforms/android-19/arch-arm -c   conftest.c >&5
configure:3791: $? = 0
configure:3800: result: yes
configure:3809: checking whether /usr/bin/ccache arm-linux-androideabi-gcc -DANDROID -mandroid -fomit-frame-pointer --sysroot /home/spark/.buildozer/android/platform/android-ndk-r9c/platforms/android-19/arch-arm accepts -g
configure:3829: /usr/bin/ccache arm-linux-androideabi-gcc -DANDROID -mandroid -fomit-frame-pointer --sysroot /home/spark/.buildozer/android/platform/android-ndk-r9c/platforms/android-19/arch-arm -c -g  conftest.c >&5
configure:3829: $? = 0
configure:3870: result: yes
configure:3887: checking for /usr/bin/ccache arm-linux-androideabi-gcc -DANDROID -mandroid -fomit-frame-pointer --sysroot /home/spark/.buildozer/android/platform/android-ndk-r9c/platforms/android-19/arch-arm option to accept ISO C89
configure:3951: /usr/bin/ccache arm-linux-androideabi-gcc -DANDROID -mandroid -fomit-frame-pointer --sysroot /home/spark/.buildozer/android/platform/android-ndk-r9c/platforms/android-19/arch-arm  -c   conftest.c >&5
configure:3951: $? = 0
configure:3964: result: none needed
configure:3995: checking for style of include used by make -j5
configure:4023: result: GNU
configure:4048: checking dependency style of /usr/bin/ccache arm-linux-androideabi-gcc -DANDROID -mandroid -fomit-frame-pointer --sysroot /home/spark/.buildozer/android/platform/android-ndk-r9c/platforms/android-19/arch-arm
configure:4158: result: gcc3
configure:4187: checking dependency style of /usr/bin/ccache arm-linux-androideabi-gcc -DANDROID -mandroid -fomit-frame-pointer --sysroot /home/spark/.buildozer/android/platform/android-ndk-r9c/platforms/android-19/arch-arm
configure:4295: result: gcc3
configure:4311: checking whether /usr/bin/ccache arm-linux-androideabi-gcc -DANDROID -mandroid -fomit-frame-pointer --sysroot /home/spark/.buildozer/android/platform/android-ndk-r9c/platforms/android-19/arch-arm and cc understand -c and -o together
configure:4342: /usr/bin/ccache arm-linux-androideabi-gcc -DANDROID -mandroid -fomit-frame-pointer --sysroot /home/spark/.buildozer/android/platform/android-ndk-r9c/platforms/android-19/arch-arm -c conftest.c -o conftest2.o >&5
configure:4346: $? = 0
configure:4352: /usr/bin/ccache arm-linux-androideabi-gcc -DANDROID -mandroid -fomit-frame-pointer --sysroot /home/spark/.buildozer/android/platform/android-ndk-r9c/platforms/android-19/arch-arm -c conftest.c -o conftest2.o >&5
configure:4356: $? = 0
configure:4367: cc -c conftest.c >&5
configure:4371: $? = 0
configure:4379: cc -c conftest.c -o conftest2.o >&5
configure:4383: $? = 0
configure:4389: cc -c conftest.c -o conftest2.o >&5
configure:4393: $? = 0
configure:4411: result: yes
configure:4461: checking for a sed that does not truncate output
configure:4525: result: /bin/sed
configure:4543: checking for grep that handles long lines and -e
configure:4601: result: /bin/grep
configure:4606: checking for egrep
configure:4668: result: /bin/grep -E
configure:4673: checking for fgrep
configure:4735: result: /bin/grep -F
configure:4770: checking for ld used by /usr/bin/ccache arm-linux-androideabi-gcc -DANDROID -mandroid -fomit-frame-pointer --sysroot /home/spark/.buildozer/android/platform/android-ndk-r9c/platforms/android-19/arch-arm
configure:4837: result: arm-linux-androideabi-ld
configure:4844: checking if the linker (arm-linux-androideabi-ld) is GNU ld
configure:4859: result: yes
configure:4871: checking for BSD- or MS-compatible name lister (nm)
configure:4920: result: arm-linux-androideabi-nm
configure:5038: checking the name lister (arm-linux-androideabi-nm) interface
configure:5045: /usr/bin/ccache arm-linux-androideabi-gcc -DANDROID -mandroid -fomit-frame-pointer --sysroot /home/spark/.buildozer/android/platform/android-ndk-r9c/platforms/android-19/arch-arm -c   conftest.c >&5
configure:5048: arm-linux-androideabi-nm "conftest.o"
configure:5051: output
00000000 B some_variable
configure:5058: result: BSD nm
configure:5061: checking whether ln -s works
configure:5065: result: yes
configure:5073: checking the maximum length of command line arguments
configure:5193: result: 1572864
configure:5210: checking whether the shell understands some XSI constructs
configure:5220: result: yes
configure:5224: checking whether the shell understands "+="
configure:5230: result: yes
configure:5265: checking for arm-linux-androideabi-ld option to reload object files
configure:5272: result: -r
configure:5301: checking for arm-eabi-objdump
configure:5331: result: no
configure:5341: checking for objdump
configure:5357: found /usr/bin/objdump
configure:5368: result: objdump
configure:5380: WARNING: using cross tools not prefixed with host triplet
configure:5400: checking how to recognize dependent libraries
configure:5596: result: unknown
configure:5616: checking for arm-eabi-ar
configure:5643: result: arm-linux-androideabi-ar
configure:5721: checking for arm-eabi-strip
configure:5748: result: arm-linux-androideabi-strip --strip-unneeded
configure:5820: checking for arm-eabi-ranlib
configure:5847: result: arm-linux-androideabi-ranlib
configure:5977: checking command to parse arm-linux-androideabi-nm output from /usr/bin/ccache arm-linux-androideabi-gcc -DANDROID -mandroid -fomit-frame-pointer --sysroot /home/spark/.buildozer/android/platform/android-ndk-r9c/platforms/android-19/arch-arm object
configure:6095: /usr/bin/ccache arm-linux-androideabi-gcc -DANDROID -mandroid -fomit-frame-pointer --sysroot /home/spark/.buildozer/android/platform/android-ndk-r9c/platforms/android-19/arch-arm -c   conftest.c >&5
configure:6098: $? = 0
configure:6102: arm-linux-androideabi-nm conftest.o \| sed -n -e 's/^.*[	 ]\([ABCDGIRSTW][ABCDGIRSTW]*\)[	 ][	 ]*\([_A-Za-z][_A-Za-z0-9]*\)$/\1 \2 \2/p' \> conftest.nm
configure:6105: $? = 0
configure:6159: /usr/bin/ccache arm-linux-androideabi-gcc -DANDROID -mandroid -fomit-frame-pointer --sysroot /home/spark/.buildozer/android/platform/android-ndk-r9c/platforms/android-19/arch-arm -o conftest   -lm -L/home/spark/Purdue/Fall2017/IITP/master/counterUAV/kivy/.buildozer/android/platform/build/build/libs_collections/myapp/armeabi-v7a conftest.c conftstm.o >&5
configure:6162: $? = 0
configure:6200: result: ok
configure:7009: checking how to run the C preprocessor
configure:7040: /usr/bin/ccache arm-linux-androideabi-gcc -DANDROID -mandroid -fomit-frame-pointer --sysroot /home/spark/.buildozer/android/platform/android-ndk-r9c/platforms/android-19/arch-arm -E  conftest.c
configure:7040: $? = 0
configure:7054: /usr/bin/ccache arm-linux-androideabi-gcc -DANDROID -mandroid -fomit-frame-pointer --sysroot /home/spark/.buildozer/android/platform/android-ndk-r9c/platforms/android-19/arch-arm -E  conftest.c
conftest.c:11:28: fatal error: ac_nonexistent.h: No such file or directory
 #include <ac_nonexistent.h>
                            ^
compilation terminated.
configure:7054: $? = 1
configure: failed program was:
| /* confdefs.h */
| #define PACKAGE_NAME "libffi"
| #define PACKAGE_TARNAME "libffi"
| #define PACKAGE_VERSION "3.0.10rc0"
| #define PACKAGE_STRING "libffi 3.0.10rc0"
| #define PACKAGE_BUGREPORT "http://gcc.gnu.org/bugs.html"
| #define PACKAGE_URL ""
| #define PACKAGE "libffi"
| #define VERSION "3.0.10rc0"
| /* end confdefs.h.  */
| #include <ac_nonexistent.h>
configure:7079: result: /usr/bin/ccache arm-linux-androideabi-gcc -DANDROID -mandroid -fomit-frame-pointer --sysroot /home/spark/.buildozer/android/platform/android-ndk-r9c/platforms/android-19/arch-arm -E
configure:7099: /usr/bin/ccache arm-linux-androideabi-gcc -DANDROID -mandroid -fomit-frame-pointer --sysroot /home/spark/.buildozer/android/platform/android-ndk-r9c/platforms/android-19/arch-arm -E  conftest.c
configure:7099: $? = 0
configure:7113: /usr/bin/ccache arm-linux-androideabi-gcc -DANDROID -mandroid -fomit-frame-pointer --sysroot /home/spark/.buildozer/android/platform/android-ndk-r9c/platforms/android-19/arch-arm -E  conftest.c
conftest.c:11:28: fatal error: ac_nonexistent.h: No such file or directory
 #include <ac_nonexistent.h>
                            ^
compilation terminated.
configure:7113: $? = 1
configure: failed program was:
| /* confdefs.h */
| #define PACKAGE_NAME "libffi"
| #define PACKAGE_TARNAME "libffi"
| #define PACKAGE_VERSION "3.0.10rc0"
| #define PACKAGE_STRING "libffi 3.0.10rc0"
| #define PACKAGE_BUGREPORT "http://gcc.gnu.org/bugs.html"
| #define PACKAGE_URL ""
| #define PACKAGE "libffi"
| #define VERSION "3.0.10rc0"
| /* end confdefs.h.  */
| #include <ac_nonexistent.h>
configure:7142: checking for ANSI C header files
configure:7162: /usr/bin/ccache arm-linux-androideabi-gcc -DANDROID -mandroid -fomit-frame-pointer --sysroot /home/spark/.buildozer/android/platform/android-ndk-r9c/platforms/android-19/arch-arm -c   conftest.c >&5
configure:7162: $? = 0
configure:7246: result: yes
configure:7259: checking for sys/types.h
configure:7259: /usr/bin/ccache arm-linux-androideabi-gcc -DANDROID -mandroid -fomit-frame-pointer --sysroot /home/spark/.buildozer/android/platform/android-ndk-r9c/platforms/android-19/arch-arm -c   conftest.c >&5
configure:7259: $? = 0
configure:7259: result: yes
configure:7259: checking for sys/stat.h
configure:7259: /usr/bin/ccache arm-linux-androideabi-gcc -DANDROID -mandroid -fomit-frame-pointer --sysroot /home/spark/.buildozer/android/platform/android-ndk-r9c/platforms/android-19/arch-arm -c   conftest.c >&5
configure:7259: $? = 0
configure:7259: result: yes
configure:7259: checking for stdlib.h
configure:7259: /usr/bin/ccache arm-linux-androideabi-gcc -DANDROID -mandroid -fomit-frame-pointer --sysroot /home/spark/.buildozer/android/platform/android-ndk-r9c/platforms/android-19/arch-arm -c   conftest.c >&5
configure:7259: $? = 0
configure:7259: result: yes
configure:7259: checking for string.h
configure:7259: /usr/bin/ccache arm-linux-androideabi-gcc -DANDROID -mandroid -fomit-frame-pointer --sysroot /home/spark/.buildozer/android/platform/android-ndk-r9c/platforms/android-19/arch-arm -c   conftest.c >&5
configure:7259: $? = 0
configure:7259: result: yes
configure:7259: checking for memory.h
configure:7259: /usr/bin/ccache arm-linux-androideabi-gcc -DANDROID -mandroid -fomit-frame-pointer --sysroot /home/spark/.buildozer/android/platform/android-ndk-r9c/platforms/android-19/arch-arm -c   conftest.c >&5
configure:7259: $? = 0
configure:7259: result: yes
configure:7259: checking for strings.h
configure:7259: /usr/bin/ccache arm-linux-androideabi-gcc -DANDROID -mandroid -fomit-frame-pointer --sysroot /home/spark/.buildozer/android/platform/android-ndk-r9c/platforms/android-19/arch-arm -c   conftest.c >&5
configure:7259: $? = 0
configure:7259: result: yes
configure:7259: checking for inttypes.h
configure:7259: /usr/bin/ccache arm-linux-androideabi-gcc -DANDROID -mandroid -fomit-frame-pointer --sysroot /home/spark/.buildozer/android/platform/android-ndk-r9c/platforms/android-19/arch-arm -c   conftest.c >&5
configure:7259: $? = 0
configure:7259: result: yes
configure:7259: checking for stdint.h
configure:7259: /usr/bin/ccache arm-linux-androideabi-gcc -DANDROID -mandroid -fomit-frame-pointer --sysroot /home/spark/.buildozer/android/platform/android-ndk-r9c/platforms/android-19/arch-arm -c   conftest.c >&5
configure:7259: $? = 0
configure:7259: result: yes
configure:7259: checking for unistd.h
configure:7259: /usr/bin/ccache arm-linux-androideabi-gcc -DANDROID -mandroid -fomit-frame-pointer --sysroot /home/spark/.buildozer/android/platform/android-ndk-r9c/platforms/android-19/arch-arm -c   conftest.c >&5
configure:7259: $? = 0
configure:7259: result: yes
configure:7274: checking for dlfcn.h
configure:7274: /usr/bin/ccache arm-linux-androideabi-gcc -DANDROID -mandroid -fomit-frame-pointer --sysroot /home/spark/.buildozer/android/platform/android-ndk-r9c/platforms/android-19/arch-arm -c   conftest.c >&5
configure:7274: $? = 0
configure:7274: result: yes
configure:7458: checking for objdir
configure:7473: result: .libs
configure:7769: checking if /usr/bin/ccache arm-linux-androideabi-gcc -DANDROID -mandroid -fomit-frame-pointer --sysroot /home/spark/.buildozer/android/platform/android-ndk-r9c/platforms/android-19/arch-arm supports -fno-rtti -fno-exceptions
configure:7787: /usr/bin/ccache arm-linux-androideabi-gcc -DANDROID -mandroid -fomit-frame-pointer --sysroot /home/spark/.buildozer/android/platform/android-ndk-r9c/platforms/android-19/arch-arm -c   -fno-rtti -fno-exceptions conftest.c >&5
cc1: warning: command line option '-fno-rtti' is valid for C++/ObjC++ but not for C [enabled by default]
cc1: warning: command line option '-fno-rtti' is valid for C++/ObjC++ but not for C [enabled by default]
configure:7791: $? = 0
configure:7804: result: no
configure:7824: checking for /usr/bin/ccache arm-linux-androideabi-gcc -DANDROID -mandroid -fomit-frame-pointer --sysroot /home/spark/.buildozer/android/platform/android-ndk-r9c/platforms/android-19/arch-arm option to produce PIC
configure:8096: result: -fPIC -DPIC
configure:8108: checking if /usr/bin/ccache arm-linux-androideabi-gcc -DANDROID -mandroid -fomit-frame-pointer --sysroot /home/spark/.buildozer/android/platform/android-ndk-r9c/platforms/android-19/arch-arm PIC flag -fPIC -DPIC works
configure:8126: /usr/bin/ccache arm-linux-androideabi-gcc -DANDROID -mandroid -fomit-frame-pointer --sysroot /home/spark/.buildozer/android/platform/android-ndk-r9c/platforms/android-19/arch-arm -c   -fPIC -DPIC -DPIC conftest.c >&5
configure:8130: $? = 0
configure:8143: result: yes
configure:8167: checking if /usr/bin/ccache arm-linux-androideabi-gcc -DANDROID -mandroid -fomit-frame-pointer --sysroot /home/spark/.buildozer/android/platform/android-ndk-r9c/platforms/android-19/arch-arm static flag -static works
configure:8195: result: yes
configure:8210: checking if /usr/bin/ccache arm-linux-androideabi-gcc -DANDROID -mandroid -fomit-frame-pointer --sysroot /home/spark/.buildozer/android/platform/android-ndk-r9c/platforms/android-19/arch-arm supports -c -o file.o
configure:8231: /usr/bin/ccache arm-linux-androideabi-gcc -DANDROID -mandroid -fomit-frame-pointer --sysroot /home/spark/.buildozer/android/platform/android-ndk-r9c/platforms/android-19/arch-arm -c   -o out/conftest2.o conftest.c >&5
configure:8235: $? = 0
configure:8257: result: yes
configure:8265: checking if /usr/bin/ccache arm-linux-androideabi-gcc -DANDROID -mandroid -fomit-frame-pointer --sysroot /home/spark/.buildozer/android/platform/android-ndk-r9c/platforms/android-19/arch-arm supports -c -o file.o
configure:8312: result: yes
configure:8345: checking whether the /usr/bin/ccache arm-linux-androideabi-gcc -DANDROID -mandroid -fomit-frame-pointer --sysroot /home/spark/.buildozer/android/platform/android-ndk-r9c/platforms/android-19/arch-arm linker (arm-linux-androideabi-ld) supports shared libraries
configure:9331: result: yes
configure:9368: checking whether -lc should be explicitly linked in
configure:9373: /usr/bin/ccache arm-linux-androideabi-gcc -DANDROID -mandroid -fomit-frame-pointer --sysroot /home/spark/.buildozer/android/platform/android-ndk-r9c/platforms/android-19/arch-arm -c   conftest.c >&5
configure:9376: $? = 0
configure:9391: /usr/bin/ccache arm-linux-androideabi-gcc -DANDROID -mandroid -fomit-frame-pointer --sysroot /home/spark/.buildozer/android/platform/android-ndk-r9c/platforms/android-19/arch-arm -shared conftest.o  -v -Wl,-soname -Wl,conftest -o conftest 2\>\&1 \| /bin/grep  -lc  \>/dev/null 2\>\&1
configure:9394: $? = 0
configure:9406: result: no
configure:9570: checking dynamic linker characteristics
configure:10224: result: no
configure:10326: checking how to hardcode library paths into programs
configure:10351: result: immediate
configure:10871: checking whether stripping libraries is possible
configure:10876: result: yes
configure:10911: checking if libtool supports shared libraries
configure:10913: result: no
configure:10916: checking whether to build shared libraries
configure:10937: result: no
configure:10940: checking whether to build static libraries
configure:10944: result: yes
configure:10982: checking whether to enable maintainer-specific portions of Makefiles
configure:10991: result: no
configure:11007: checking sys/mman.h usability
configure:11007: /usr/bin/ccache arm-linux-androideabi-gcc -DANDROID -mandroid -fomit-frame-pointer --sysroot /home/spark/.buildozer/android/platform/android-ndk-r9c/platforms/android-19/arch-arm -c   conftest.c >&5
configure:11007: $? = 0
configure:11007: result: yes
configure:11007: checking sys/mman.h presence
configure:11007: /usr/bin/ccache arm-linux-androideabi-gcc -DANDROID -mandroid -fomit-frame-pointer --sysroot /home/spark/.buildozer/android/platform/android-ndk-r9c/platforms/android-19/arch-arm -E  conftest.c
configure:11007: $? = 0
configure:11007: result: yes
configure:11007: checking for sys/mman.h
configure:11007: result: yes
configure:11019: checking for mmap
configure:11019: /usr/bin/ccache arm-linux-androideabi-gcc -DANDROID -mandroid -fomit-frame-pointer --sysroot /home/spark/.buildozer/android/platform/android-ndk-r9c/platforms/android-19/arch-arm -o conftest   -lm -L/home/spark/Purdue/Fall2017/IITP/master/counterUAV/kivy/.buildozer/android/platform/build/build/libs_collections/myapp/armeabi-v7a conftest.c  >&5
configure:11019: $? = 0
configure:11019: result: yes
configure:11029: checking for sys/mman.h
configure:11029: result: yes
configure:11037: checking for mmap
configure:11037: result: yes
configure:11050: checking whether read-only mmap of a plain file works
configure:11067: result: yes
configure:11069: checking whether mmap from /dev/zero works
configure:11091: result: yes
configure:11095: checking for MAP_ANON(YMOUS)
configure:11118: /usr/bin/ccache arm-linux-androideabi-gcc -DANDROID -mandroid -fomit-frame-pointer --sysroot /home/spark/.buildozer/android/platform/android-ndk-r9c/platforms/android-19/arch-arm -c   conftest.c >&5
configure:11118: $? = 0
configure:11125: result: yes
configure:11131: checking whether mmap with MAP_ANON(YMOUS) works
configure:11148: result: yes
configure:11526: checking for ANSI C header files
configure:11630: result: yes
configure:11640: checking for memcpy
configure:11640: /usr/bin/ccache arm-linux-androideabi-gcc -DANDROID -mandroid -fomit-frame-pointer --sysroot /home/spark/.buildozer/android/platform/android-ndk-r9c/platforms/android-19/arch-arm -o conftest   -lm -L/home/spark/Purdue/Fall2017/IITP/master/counterUAV/kivy/.buildozer/android/platform/build/build/libs_collections/myapp/armeabi-v7a conftest.c  >&5
conftest.c:52:6: warning: conflicting types for built-in function 'memcpy' [enabled by default]
 char memcpy ();
      ^
configure:11640: $? = 0
configure:11640: result: yes
configure:11651: checking for working alloca.h
configure:11668: /usr/bin/ccache arm-linux-androideabi-gcc -DANDROID -mandroid -fomit-frame-pointer --sysroot /home/spark/.buildozer/android/platform/android-ndk-r9c/platforms/android-19/arch-arm -o conftest   -lm -L/home/spark/Purdue/Fall2017/IITP/master/counterUAV/kivy/.buildozer/android/platform/build/build/libs_collections/myapp/armeabi-v7a conftest.c  >&5
configure:11668: $? = 0
configure:11676: result: yes
configure:11684: checking for alloca
configure:11721: /usr/bin/ccache arm-linux-androideabi-gcc -DANDROID -mandroid -fomit-frame-pointer --sysroot /home/spark/.buildozer/android/platform/android-ndk-r9c/platforms/android-19/arch-arm -o conftest   -lm -L/home/spark/Purdue/Fall2017/IITP/master/counterUAV/kivy/.buildozer/android/platform/build/build/libs_collections/myapp/armeabi-v7a conftest.c  >&5
configure:11721: $? = 0
configure:11729: result: yes
configure:11844: checking size of double
configure:11849: /usr/bin/ccache arm-linux-androideabi-gcc -DANDROID -mandroid -fomit-frame-pointer --sysroot /home/spark/.buildozer/android/platform/android-ndk-r9c/platforms/android-19/arch-arm -c   conftest.c >&5
configure:11849: $? = 0
configure:11849: /usr/bin/ccache arm-linux-androideabi-gcc -DANDROID -mandroid -fomit-frame-pointer --sysroot /home/spark/.buildozer/android/platform/android-ndk-r9c/platforms/android-19/arch-arm -c   conftest.c >&5
conftest.c: In function 'main':
conftest.c:68:12: error: size of array 'test_array' is negative
 static int test_array [1 - 2 * !(((long int) (sizeof (double))) <= 0)];
            ^
configure:11849: $? = 1
configure: failed program was:
| /* confdefs.h */
| #define PACKAGE_NAME "libffi"
| #define PACKAGE_TARNAME "libffi"
| #define PACKAGE_VERSION "3.0.10rc0"
| #define PACKAGE_STRING "libffi 3.0.10rc0"
| #define PACKAGE_BUGREPORT "http://gcc.gnu.org/bugs.html"
| #define PACKAGE_URL ""
| #define PACKAGE "libffi"
| #define VERSION "3.0.10rc0"
| #define STDC_HEADERS 1
| #define HAVE_SYS_TYPES_H 1
| #define HAVE_SYS_STAT_H 1
| #define HAVE_STDLIB_H 1
| #define HAVE_STRING_H 1
| #define HAVE_MEMORY_H 1
| #define HAVE_STRINGS_H 1
| #define HAVE_INTTYPES_H 1
| #define HAVE_STDINT_H 1
| #define HAVE_UNISTD_H 1
| #define HAVE_DLFCN_H 1
| #define LT_OBJDIR ".libs/"
| #define HAVE_SYS_MMAN_H 1
| #define HAVE_MMAP 1
| #define HAVE_MMAP_FILE 1
| #define HAVE_MMAP_DEV_ZERO 1
| #define HAVE_MMAP_ANON 1
| #define STDC_HEADERS 1
| #define HAVE_MEMCPY 1
| #define HAVE_ALLOCA_H 1
| #define HAVE_ALLOCA 1
| /* end confdefs.h.  */
| #include <stdio.h>
| #ifdef HAVE_SYS_TYPES_H
| # include <sys/types.h>
| #endif
| #ifdef HAVE_SYS_STAT_H
| # include <sys/stat.h>
| #endif
| #ifdef STDC_HEADERS
| # include <stdlib.h>
| # include <stddef.h>
| #else
| # ifdef HAVE_STDLIB_H
| #  include <stdlib.h>
| # endif
| #endif
| #ifdef HAVE_STRING_H
| # if !defined STDC_HEADERS && defined HAVE_MEMORY_H
| #  include <memory.h>
| # endif
| # include <string.h>
| #endif
| #ifdef HAVE_STRINGS_H
| # include <strings.h>
| #endif
| #ifdef HAVE_INTTYPES_H
| # include <inttypes.h>
| #endif
| #ifdef HAVE_STDINT_H
| # include <stdint.h>
| #endif
| #ifdef HAVE_UNISTD_H
| # include <unistd.h>
| #endif
| int
| main ()
| {
| static int test_array [1 - 2 * !(((long int) (sizeof (double))) <= 0)];
| test_array [0] = 0
| 
|   ;
|   return 0;
| }
configure:11849: /usr/bin/ccache arm-linux-androideabi-gcc -DANDROID -mandroid -fomit-frame-pointer --sysroot /home/spark/.buildozer/android/platform/android-ndk-r9c/platforms/android-19/arch-arm -c   conftest.c >&5
conftest.c: In function 'main':
conftest.c:68:12: error: size of array 'test_array' is negative
 static int test_array [1 - 2 * !(((long int) (sizeof (double))) <= 1)];
            ^
configure:11849: $? = 1
configure: failed program was:
| /* confdefs.h */
| #define PACKAGE_NAME "libffi"
| #define PACKAGE_TARNAME "libffi"
| #define PACKAGE_VERSION "3.0.10rc0"
| #define PACKAGE_STRING "libffi 3.0.10rc0"
| #define PACKAGE_BUGREPORT "http://gcc.gnu.org/bugs.html"
| #define PACKAGE_URL ""
| #define PACKAGE "libffi"
| #define VERSION "3.0.10rc0"
| #define STDC_HEADERS 1
| #define HAVE_SYS_TYPES_H 1
| #define HAVE_SYS_STAT_H 1
| #define HAVE_STDLIB_H 1
| #define HAVE_STRING_H 1
| #define HAVE_MEMORY_H 1
| #define HAVE_STRINGS_H 1
| #define HAVE_INTTYPES_H 1
| #define HAVE_STDINT_H 1
| #define HAVE_UNISTD_H 1
| #define HAVE_DLFCN_H 1
| #define LT_OBJDIR ".libs/"
| #define HAVE_SYS_MMAN_H 1
| #define HAVE_MMAP 1
| #define HAVE_MMAP_FILE 1
| #define HAVE_MMAP_DEV_ZERO 1
| #define HAVE_MMAP_ANON 1
| #define STDC_HEADERS 1
| #define HAVE_MEMCPY 1
| #define HAVE_ALLOCA_H 1
| #define HAVE_ALLOCA 1
| /* end confdefs.h.  */
| #include <stdio.h>
| #ifdef HAVE_SYS_TYPES_H
| # include <sys/types.h>
| #endif
| #ifdef HAVE_SYS_STAT_H
| # include <sys/stat.h>
| #endif
| #ifdef STDC_HEADERS
| # include <stdlib.h>
| # include <stddef.h>
| #else
| # ifdef HAVE_STDLIB_H
| #  include <stdlib.h>
| # endif
| #endif
| #ifdef HAVE_STRING_H
| # if !defined STDC_HEADERS && defined HAVE_MEMORY_H
| #  include <memory.h>
| # endif
| # include <string.h>
| #endif
| #ifdef HAVE_STRINGS_H
| # include <strings.h>
| #endif
| #ifdef HAVE_INTTYPES_H
| # include <inttypes.h>
| #endif
| #ifdef HAVE_STDINT_H
| # include <stdint.h>
| #endif
| #ifdef HAVE_UNISTD_H
| # include <unistd.h>
| #endif
| int
| main ()
| {
| static int test_array [1 - 2 * !(((long int) (sizeof (double))) <= 1)];
| test_array [0] = 0
| 
|   ;
|   return 0;
| }
configure:11849: /usr/bin/ccache arm-linux-androideabi-gcc -DANDROID -mandroid -fomit-frame-pointer --sysroot /home/spark/.buildozer/android/platform/android-ndk-r9c/platforms/android-19/arch-arm -c   conftest.c >&5
conftest.c: In function 'main':
conftest.c:68:12: error: size of array 'test_array' is negative
 static int test_array [1 - 2 * !(((long int) (sizeof (double))) <= 3)];
            ^
configure:11849: $? = 1
configure: failed program was:
| /* confdefs.h */
| #define PACKAGE_NAME "libffi"
| #define PACKAGE_TARNAME "libffi"
| #define PACKAGE_VERSION "3.0.10rc0"
| #define PACKAGE_STRING "libffi 3.0.10rc0"
| #define PACKAGE_BUGREPORT "http://gcc.gnu.org/bugs.html"
| #define PACKAGE_URL ""
| #define PACKAGE "libffi"
| #define VERSION "3.0.10rc0"
| #define STDC_HEADERS 1
| #define HAVE_SYS_TYPES_H 1
| #define HAVE_SYS_STAT_H 1
| #define HAVE_STDLIB_H 1
| #define HAVE_STRING_H 1
| #define HAVE_MEMORY_H 1
| #define HAVE_STRINGS_H 1
| #define HAVE_INTTYPES_H 1
| #define HAVE_STDINT_H 1
| #define HAVE_UNISTD_H 1
| #define HAVE_DLFCN_H 1
| #define LT_OBJDIR ".libs/"
| #define HAVE_SYS_MMAN_H 1
| #define HAVE_MMAP 1
| #define HAVE_MMAP_FILE 1
| #define HAVE_MMAP_DEV_ZERO 1
| #define HAVE_MMAP_ANON 1
| #define STDC_HEADERS 1
| #define HAVE_MEMCPY 1
| #define HAVE_ALLOCA_H 1
| #define HAVE_ALLOCA 1
| /* end confdefs.h.  */
| #include <stdio.h>
| #ifdef HAVE_SYS_TYPES_H
| # include <sys/types.h>
| #endif
| #ifdef HAVE_SYS_STAT_H
| # include <sys/stat.h>
| #endif
| #ifdef STDC_HEADERS
| # include <stdlib.h>
| # include <stddef.h>
| #else
| # ifdef HAVE_STDLIB_H
| #  include <stdlib.h>
| # endif
| #endif
| #ifdef HAVE_STRING_H
| # if !defined STDC_HEADERS && defined HAVE_MEMORY_H
| #  include <memory.h>
| # endif
| # include <string.h>
| #endif
| #ifdef HAVE_STRINGS_H
| # include <strings.h>
| #endif
| #ifdef HAVE_INTTYPES_H
| # include <inttypes.h>
| #endif
| #ifdef HAVE_STDINT_H
| # include <stdint.h>
| #endif
| #ifdef HAVE_UNISTD_H
| # include <unistd.h>
| #endif
| int
| main ()
| {
| static int test_array [1 - 2 * !(((long int) (sizeof (double))) <= 3)];
| test_array [0] = 0
| 
|   ;
|   return 0;
| }
configure:11849: /usr/bin/ccache arm-linux-androideabi-gcc -DANDROID -mandroid -fomit-frame-pointer --sysroot /home/spark/.buildozer/android/platform/android-ndk-r9c/platforms/android-19/arch-arm -c   conftest.c >&5
conftest.c: In function 'main':
conftest.c:68:12: error: size of array 'test_array' is negative
 static int test_array [1 - 2 * !(((long int) (sizeof (double))) <= 7)];
            ^
configure:11849: $? = 1
configure: failed program was:
| /* confdefs.h */
| #define PACKAGE_NAME "libffi"
| #define PACKAGE_TARNAME "libffi"
| #define PACKAGE_VERSION "3.0.10rc0"
| #define PACKAGE_STRING "libffi 3.0.10rc0"
| #define PACKAGE_BUGREPORT "http://gcc.gnu.org/bugs.html"
| #define PACKAGE_URL ""
| #define PACKAGE "libffi"
| #define VERSION "3.0.10rc0"
| #define STDC_HEADERS 1
| #define HAVE_SYS_TYPES_H 1
| #define HAVE_SYS_STAT_H 1
| #define HAVE_STDLIB_H 1
| #define HAVE_STRING_H 1
| #define HAVE_MEMORY_H 1
| #define HAVE_STRINGS_H 1
| #define HAVE_INTTYPES_H 1
| #define HAVE_STDINT_H 1
| #define HAVE_UNISTD_H 1
| #define HAVE_DLFCN_H 1
| #define LT_OBJDIR ".libs/"
| #define HAVE_SYS_MMAN_H 1
| #define HAVE_MMAP 1
| #define HAVE_MMAP_FILE 1
| #define HAVE_MMAP_DEV_ZERO 1
| #define HAVE_MMAP_ANON 1
| #define STDC_HEADERS 1
| #define HAVE_MEMCPY 1
| #define HAVE_ALLOCA_H 1
| #define HAVE_ALLOCA 1
| /* end confdefs.h.  */
| #include <stdio.h>
| #ifdef HAVE_SYS_TYPES_H
| # include <sys/types.h>
| #endif
| #ifdef HAVE_SYS_STAT_H
| # include <sys/stat.h>
| #endif
| #ifdef STDC_HEADERS
| # include <stdlib.h>
| # include <stddef.h>
| #else
| # ifdef HAVE_STDLIB_H
| #  include <stdlib.h>
| # endif
| #endif
| #ifdef HAVE_STRING_H
| # if !defined STDC_HEADERS && defined HAVE_MEMORY_H
| #  include <memory.h>
| # endif
| # include <string.h>
| #endif
| #ifdef HAVE_STRINGS_H
| # include <strings.h>
| #endif
| #ifdef HAVE_INTTYPES_H
| # include <inttypes.h>
| #endif
| #ifdef HAVE_STDINT_H
| # include <stdint.h>
| #endif
| #ifdef HAVE_UNISTD_H
| # include <unistd.h>
| #endif
| int
| main ()
| {
| static int test_array [1 - 2 * !(((long int) (sizeof (double))) <= 7)];
| test_array [0] = 0
| 
|   ;
|   return 0;
| }
configure:11849: /usr/bin/ccache arm-linux-androideabi-gcc -DANDROID -mandroid -fomit-frame-pointer --sysroot /home/spark/.buildozer/android/platform/android-ndk-r9c/platforms/android-19/arch-arm -c   conftest.c >&5
configure:11849: $? = 0
configure:11849: /usr/bin/ccache arm-linux-androideabi-gcc -DANDROID -mandroid -fomit-frame-pointer --sysroot /home/spark/.buildozer/android/platform/android-ndk-r9c/platforms/android-19/arch-arm -c   conftest.c >&5
configure:11849: $? = 0
configure:11849: /usr/bin/ccache arm-linux-androideabi-gcc -DANDROID -mandroid -fomit-frame-pointer --sysroot /home/spark/.buildozer/android/platform/android-ndk-r9c/platforms/android-19/arch-arm -c   conftest.c >&5
configure:11849: $? = 0
configure:11849: /usr/bin/ccache arm-linux-androideabi-gcc -DANDROID -mandroid -fomit-frame-pointer --sysroot /home/spark/.buildozer/android/platform/android-ndk-r9c/platforms/android-19/arch-arm -c   conftest.c >&5
configure:11849: $? = 0
configure:11864: result: 8
configure:11878: checking size of long double
configure:11883: /usr/bin/ccache arm-linux-androideabi-gcc -DANDROID -mandroid -fomit-frame-pointer --sysroot /home/spark/.buildozer/android/platform/android-ndk-r9c/platforms/android-19/arch-arm -c   conftest.c >&5
configure:11883: $? = 0
configure:11883: /usr/bin/ccache arm-linux-androideabi-gcc -DANDROID -mandroid -fomit-frame-pointer --sysroot /home/spark/.buildozer/android/platform/android-ndk-r9c/platforms/android-19/arch-arm -c   conftest.c >&5
conftest.c: In function 'main':
conftest.c:69:12: error: size of array 'test_array' is negative
 static int test_array [1 - 2 * !(((long int) (sizeof (long double))) <= 0)];
            ^
configure:11883: $? = 1
configure: failed program was:
| /* confdefs.h */
| #define PACKAGE_NAME "libffi"
| #define PACKAGE_TARNAME "libffi"
| #define PACKAGE_VERSION "3.0.10rc0"
| #define PACKAGE_STRING "libffi 3.0.10rc0"
| #define PACKAGE_BUGREPORT "http://gcc.gnu.org/bugs.html"
| #define PACKAGE_URL ""
| #define PACKAGE "libffi"
| #define VERSION "3.0.10rc0"
| #define STDC_HEADERS 1
| #define HAVE_SYS_TYPES_H 1
| #define HAVE_SYS_STAT_H 1
| #define HAVE_STDLIB_H 1
| #define HAVE_STRING_H 1
| #define HAVE_MEMORY_H 1
| #define HAVE_STRINGS_H 1
| #define HAVE_INTTYPES_H 1
| #define HAVE_STDINT_H 1
| #define HAVE_UNISTD_H 1
| #define HAVE_DLFCN_H 1
| #define LT_OBJDIR ".libs/"
| #define HAVE_SYS_MMAN_H 1
| #define HAVE_MMAP 1
| #define HAVE_MMAP_FILE 1
| #define HAVE_MMAP_DEV_ZERO 1
| #define HAVE_MMAP_ANON 1
| #define STDC_HEADERS 1
| #define HAVE_MEMCPY 1
| #define HAVE_ALLOCA_H 1
| #define HAVE_ALLOCA 1
| #define SIZEOF_DOUBLE 8
| /* end confdefs.h.  */
| #include <stdio.h>
| #ifdef HAVE_SYS_TYPES_H
| # include <sys/types.h>
| #endif
| #ifdef HAVE_SYS_STAT_H
| # include <sys/stat.h>
| #endif
| #ifdef STDC_HEADERS
| # include <stdlib.h>
| # include <stddef.h>
| #else
| # ifdef HAVE_STDLIB_H
| #  include <stdlib.h>
| # endif
| #endif
| #ifdef HAVE_STRING_H
| # if !defined STDC_HEADERS && defined HAVE_MEMORY_H
| #  include <memory.h>
| # endif
| # include <string.h>
| #endif
| #ifdef HAVE_STRINGS_H
| # include <strings.h>
| #endif
| #ifdef HAVE_INTTYPES_H
| # include <inttypes.h>
| #endif
| #ifdef HAVE_STDINT_H
| # include <stdint.h>
| #endif
| #ifdef HAVE_UNISTD_H
| # include <unistd.h>
| #endif
| int
| main ()
| {
| static int test_array [1 - 2 * !(((long int) (sizeof (long double))) <= 0)];
| test_array [0] = 0
| 
|   ;
|   return 0;
| }
configure:11883: /usr/bin/ccache arm-linux-androideabi-gcc -DANDROID -mandroid -fomit-frame-pointer --sysroot /home/spark/.buildozer/android/platform/android-ndk-r9c/platforms/android-19/arch-arm -c   conftest.c >&5
conftest.c: In function 'main':
conftest.c:69:12: error: size of array 'test_array' is negative
 static int test_array [1 - 2 * !(((long int) (sizeof (long double))) <= 1)];
            ^
configure:11883: $? = 1
configure: failed program was:
| /* confdefs.h */
| #define PACKAGE_NAME "libffi"
| #define PACKAGE_TARNAME "libffi"
| #define PACKAGE_VERSION "3.0.10rc0"
| #define PACKAGE_STRING "libffi 3.0.10rc0"
| #define PACKAGE_BUGREPORT "http://gcc.gnu.org/bugs.html"
| #define PACKAGE_URL ""
| #define PACKAGE "libffi"
| #define VERSION "3.0.10rc0"
| #define STDC_HEADERS 1
| #define HAVE_SYS_TYPES_H 1
| #define HAVE_SYS_STAT_H 1
| #define HAVE_STDLIB_H 1
| #define HAVE_STRING_H 1
| #define HAVE_MEMORY_H 1
| #define HAVE_STRINGS_H 1
| #define HAVE_INTTYPES_H 1
| #define HAVE_STDINT_H 1
| #define HAVE_UNISTD_H 1
| #define HAVE_DLFCN_H 1
| #define LT_OBJDIR ".libs/"
| #define HAVE_SYS_MMAN_H 1
| #define HAVE_MMAP 1
| #define HAVE_MMAP_FILE 1
| #define HAVE_MMAP_DEV_ZERO 1
| #define HAVE_MMAP_ANON 1
| #define STDC_HEADERS 1
| #define HAVE_MEMCPY 1
| #define HAVE_ALLOCA_H 1
| #define HAVE_ALLOCA 1
| #define SIZEOF_DOUBLE 8
| /* end confdefs.h.  */
| #include <stdio.h>
| #ifdef HAVE_SYS_TYPES_H
| # include <sys/types.h>
| #endif
| #ifdef HAVE_SYS_STAT_H
| # include <sys/stat.h>
| #endif
| #ifdef STDC_HEADERS
| # include <stdlib.h>
| # include <stddef.h>
| #else
| # ifdef HAVE_STDLIB_H
| #  include <stdlib.h>
| # endif
| #endif
| #ifdef HAVE_STRING_H
| # if !defined STDC_HEADERS && defined HAVE_MEMORY_H
| #  include <memory.h>
| # endif
| # include <string.h>
| #endif
| #ifdef HAVE_STRINGS_H
| # include <strings.h>
| #endif
| #ifdef HAVE_INTTYPES_H
| # include <inttypes.h>
| #endif
| #ifdef HAVE_STDINT_H
| # include <stdint.h>
| #endif
| #ifdef HAVE_UNISTD_H
| # include <unistd.h>
| #endif
| int
| main ()
| {
| static int test_array [1 - 2 * !(((long int) (sizeof (long double))) <= 1)];
| test_array [0] = 0
| 
|   ;
|   return 0;
| }
configure:11883: /usr/bin/ccache arm-linux-androideabi-gcc -DANDROID -mandroid -fomit-frame-pointer --sysroot /home/spark/.buildozer/android/platform/android-ndk-r9c/platforms/android-19/arch-arm -c   conftest.c >&5
conftest.c: In function 'main':
conftest.c:69:12: error: size of array 'test_array' is negative
 static int test_array [1 - 2 * !(((long int) (sizeof (long double))) <= 3)];
            ^
configure:11883: $? = 1
configure: failed program was:
| /* confdefs.h */
| #define PACKAGE_NAME "libffi"
| #define PACKAGE_TARNAME "libffi"
| #define PACKAGE_VERSION "3.0.10rc0"
| #define PACKAGE_STRING "libffi 3.0.10rc0"
| #define PACKAGE_BUGREPORT "http://gcc.gnu.org/bugs.html"
| #define PACKAGE_URL ""
| #define PACKAGE "libffi"
| #define VERSION "3.0.10rc0"
| #define STDC_HEADERS 1
| #define HAVE_SYS_TYPES_H 1
| #define HAVE_SYS_STAT_H 1
| #define HAVE_STDLIB_H 1
| #define HAVE_STRING_H 1
| #define HAVE_MEMORY_H 1
| #define HAVE_STRINGS_H 1
| #define HAVE_INTTYPES_H 1
| #define HAVE_STDINT_H 1
| #define HAVE_UNISTD_H 1
| #define HAVE_DLFCN_H 1
| #define LT_OBJDIR ".libs/"
| #define HAVE_SYS_MMAN_H 1
| #define HAVE_MMAP 1
| #define HAVE_MMAP_FILE 1
| #define HAVE_MMAP_DEV_ZERO 1
| #define HAVE_MMAP_ANON 1
| #define STDC_HEADERS 1
| #define HAVE_MEMCPY 1
| #define HAVE_ALLOCA_H 1
| #define HAVE_ALLOCA 1
| #define SIZEOF_DOUBLE 8
| /* end confdefs.h.  */
| #include <stdio.h>
| #ifdef HAVE_SYS_TYPES_H
| # include <sys/types.h>
| #endif
| #ifdef HAVE_SYS_STAT_H
| # include <sys/stat.h>
| #endif
| #ifdef STDC_HEADERS
| # include <stdlib.h>
| # include <stddef.h>
| #else
| # ifdef HAVE_STDLIB_H
| #  include <stdlib.h>
| # endif
| #endif
| #ifdef HAVE_STRING_H
| # if !defined STDC_HEADERS && defined HAVE_MEMORY_H
| #  include <memory.h>
| # endif
| # include <string.h>
| #endif
| #ifdef HAVE_STRINGS_H
| # include <strings.h>
| #endif
| #ifdef HAVE_INTTYPES_H
| # include <inttypes.h>
| #endif
| #ifdef HAVE_STDINT_H
| # include <stdint.h>
| #endif
| #ifdef HAVE_UNISTD_H
| # include <unistd.h>
| #endif
| int
| main ()
| {
| static int test_array [1 - 2 * !(((long int) (sizeof (long double))) <= 3)];
| test_array [0] = 0
| 
|   ;
|   return 0;
| }
configure:11883: /usr/bin/ccache arm-linux-androideabi-gcc -DANDROID -mandroid -fomit-frame-pointer --sysroot /home/spark/.buildozer/android/platform/android-ndk-r9c/platforms/android-19/arch-arm -c   conftest.c >&5
conftest.c: In function 'main':
conftest.c:69:12: error: size of array 'test_array' is negative
 static int test_array [1 - 2 * !(((long int) (sizeof (long double))) <= 7)];
            ^
configure:11883: $? = 1
configure: failed program was:
| /* confdefs.h */
| #define PACKAGE_NAME "libffi"
| #define PACKAGE_TARNAME "libffi"
| #define PACKAGE_VERSION "3.0.10rc0"
| #define PACKAGE_STRING "libffi 3.0.10rc0"
| #define PACKAGE_BUGREPORT "http://gcc.gnu.org/bugs.html"
| #define PACKAGE_URL ""
| #define PACKAGE "libffi"
| #define VERSION "3.0.10rc0"
| #define STDC_HEADERS 1
| #define HAVE_SYS_TYPES_H 1
| #define HAVE_SYS_STAT_H 1
| #define HAVE_STDLIB_H 1
| #define HAVE_STRING_H 1
| #define HAVE_MEMORY_H 1
| #define HAVE_STRINGS_H 1
| #define HAVE_INTTYPES_H 1
| #define HAVE_STDINT_H 1
| #define HAVE_UNISTD_H 1
| #define HAVE_DLFCN_H 1
| #define LT_OBJDIR ".libs/"
| #define HAVE_SYS_MMAN_H 1
| #define HAVE_MMAP 1
| #define HAVE_MMAP_FILE 1
| #define HAVE_MMAP_DEV_ZERO 1
| #define HAVE_MMAP_ANON 1
| #define STDC_HEADERS 1
| #define HAVE_MEMCPY 1
| #define HAVE_ALLOCA_H 1
| #define HAVE_ALLOCA 1
| #define SIZEOF_DOUBLE 8
| /* end confdefs.h.  */
| #include <stdio.h>
| #ifdef HAVE_SYS_TYPES_H
| # include <sys/types.h>
| #endif
| #ifdef HAVE_SYS_STAT_H
| # include <sys/stat.h>
| #endif
| #ifdef STDC_HEADERS
| # include <stdlib.h>
| # include <stddef.h>
| #else
| # ifdef HAVE_STDLIB_H
| #  include <stdlib.h>
| # endif
| #endif
| #ifdef HAVE_STRING_H
| # if !defined STDC_HEADERS && defined HAVE_MEMORY_H
| #  include <memory.h>
| # endif
| # include <string.h>
| #endif
| #ifdef HAVE_STRINGS_H
| # include <strings.h>
| #endif
| #ifdef HAVE_INTTYPES_H
| # include <inttypes.h>
| #endif
| #ifdef HAVE_STDINT_H
| # include <stdint.h>
| #endif
| #ifdef HAVE_UNISTD_H
| # include <unistd.h>
| #endif
| int
| main ()
| {
| static int test_array [1 - 2 * !(((long int) (sizeof (long double))) <= 7)];
| test_array [0] = 0
| 
|   ;
|   return 0;
| }
configure:11883: /usr/bin/ccache arm-linux-androideabi-gcc -DANDROID -mandroid -fomit-frame-pointer --sysroot /home/spark/.buildozer/android/platform/android-ndk-r9c/platforms/android-19/arch-arm -c   conftest.c >&5
configure:11883: $? = 0
configure:11883: /usr/bin/ccache arm-linux-androideabi-gcc -DANDROID -mandroid -fomit-frame-pointer --sysroot /home/spark/.buildozer/android/platform/android-ndk-r9c/platforms/android-19/arch-arm -c   conftest.c >&5
configure:11883: $? = 0
configure:11883: /usr/bin/ccache arm-linux-androideabi-gcc -DANDROID -mandroid -fomit-frame-pointer --sysroot /home/spark/.buildozer/android/platform/android-ndk-r9c/platforms/android-19/arch-arm -c   conftest.c >&5
configure:11883: $? = 0
configure:11883: /usr/bin/ccache arm-linux-androideabi-gcc -DANDROID -mandroid -fomit-frame-pointer --sysroot /home/spark/.buildozer/android/platform/android-ndk-r9c/platforms/android-19/arch-arm -c   conftest.c >&5
configure:11883: $? = 0
configure:11898: result: 8
configure:11923: checking whether byte ordering is bigendian
configure:11938: /usr/bin/ccache arm-linux-androideabi-gcc -DANDROID -mandroid -fomit-frame-pointer --sysroot /home/spark/.buildozer/android/platform/android-ndk-r9c/platforms/android-19/arch-arm -c   conftest.c >&5
conftest.c:35:9: error: unknown type name 'not'
         not a universal capable compiler
         ^
conftest.c:35:15: error: expected '=', ',', ';', 'asm' or '__attribute__' before 'universal'
         not a universal capable compiler
               ^
conftest.c:35:15: error: unknown type name 'universal'
configure:11938: $? = 1
configure: failed program was:
| /* confdefs.h */
| #define PACKAGE_NAME "libffi"
| #define PACKAGE_TARNAME "libffi"
| #define PACKAGE_VERSION "3.0.10rc0"
| #define PACKAGE_STRING "libffi 3.0.10rc0"
| #define PACKAGE_BUGREPORT "http://gcc.gnu.org/bugs.html"
| #define PACKAGE_URL ""
| #define PACKAGE "libffi"
| #define VERSION "3.0.10rc0"
| #define STDC_HEADERS 1
| #define HAVE_SYS_TYPES_H 1
| #define HAVE_SYS_STAT_H 1
| #define HAVE_STDLIB_H 1
| #define HAVE_STRING_H 1
| #define HAVE_MEMORY_H 1
| #define HAVE_STRINGS_H 1
| #define HAVE_INTTYPES_H 1
| #define HAVE_STDINT_H 1
| #define HAVE_UNISTD_H 1
| #define HAVE_DLFCN_H 1
| #define LT_OBJDIR ".libs/"
| #define HAVE_SYS_MMAN_H 1
| #define HAVE_MMAP 1
| #define HAVE_MMAP_FILE 1
| #define HAVE_MMAP_DEV_ZERO 1
| #define HAVE_MMAP_ANON 1
| #define STDC_HEADERS 1
| #define HAVE_MEMCPY 1
| #define HAVE_ALLOCA_H 1
| #define HAVE_ALLOCA 1
| #define SIZEOF_DOUBLE 8
| #define SIZEOF_LONG_DOUBLE 8
| /* end confdefs.h.  */
| #ifndef __APPLE_CC__
| 	       not a universal capable compiler
| 	     #endif
| 	     typedef int dummy;
| 
configure:11983: /usr/bin/ccache arm-linux-androideabi-gcc -DANDROID -mandroid -fomit-frame-pointer --sysroot /home/spark/.buildozer/android/platform/android-ndk-r9c/platforms/android-19/arch-arm -c   conftest.c >&5
conftest.c: In function 'main':
conftest.c:41:8: error: unknown type name 'bogus'
        bogus endian macros
        ^
conftest.c:41:21: error: expected '=', ',', ';', 'asm' or '__attribute__' before 'macros'
        bogus endian macros
                     ^
configure:11983: $? = 1
configure: failed program was:
| /* confdefs.h */
| #define PACKAGE_NAME "libffi"
| #define PACKAGE_TARNAME "libffi"
| #define PACKAGE_VERSION "3.0.10rc0"
| #define PACKAGE_STRING "libffi 3.0.10rc0"
| #define PACKAGE_BUGREPORT "http://gcc.gnu.org/bugs.html"
| #define PACKAGE_URL ""
| #define PACKAGE "libffi"
| #define VERSION "3.0.10rc0"
| #define STDC_HEADERS 1
| #define HAVE_SYS_TYPES_H 1
| #define HAVE_SYS_STAT_H 1
| #define HAVE_STDLIB_H 1
| #define HAVE_STRING_H 1
| #define HAVE_MEMORY_H 1
| #define HAVE_STRINGS_H 1
| #define HAVE_INTTYPES_H 1
| #define HAVE_STDINT_H 1
| #define HAVE_UNISTD_H 1
| #define HAVE_DLFCN_H 1
| #define LT_OBJDIR ".libs/"
| #define HAVE_SYS_MMAN_H 1
| #define HAVE_MMAP 1
| #define HAVE_MMAP_FILE 1
| #define HAVE_MMAP_DEV_ZERO 1
| #define HAVE_MMAP_ANON 1
| #define STDC_HEADERS 1
| #define HAVE_MEMCPY 1
| #define HAVE_ALLOCA_H 1
| #define HAVE_ALLOCA 1
| #define SIZEOF_DOUBLE 8
| #define SIZEOF_LONG_DOUBLE 8
| /* end confdefs.h.  */
| #include <sys/types.h>
| 	     #include <sys/param.h>
| 
| int
| main ()
| {
| #if ! (defined BYTE_ORDER && defined BIG_ENDIAN 		     && defined LITTLE_ENDIAN && BYTE_ORDER && BIG_ENDIAN 		     && LITTLE_ENDIAN)
| 	      bogus endian macros
| 	     #endif
| 
|   ;
|   return 0;
| }
configure:12027: /usr/bin/ccache arm-linux-androideabi-gcc -DANDROID -mandroid -fomit-frame-pointer --sysroot /home/spark/.buildozer/android/platform/android-ndk-r9c/platforms/android-19/arch-arm -c   conftest.c >&5
conftest.c: In function 'main':
conftest.c:40:8: error: unknown type name 'bogus'
        bogus endian macros
        ^
conftest.c:40:21: error: expected '=', ',', ';', 'asm' or '__attribute__' before 'macros'
        bogus endian macros
                     ^
configure:12027: $? = 1
configure: failed program was:
| /* confdefs.h */
| #define PACKAGE_NAME "libffi"
| #define PACKAGE_TARNAME "libffi"
| #define PACKAGE_VERSION "3.0.10rc0"
| #define PACKAGE_STRING "libffi 3.0.10rc0"
| #define PACKAGE_BUGREPORT "http://gcc.gnu.org/bugs.html"
| #define PACKAGE_URL ""
| #define PACKAGE "libffi"
| #define VERSION "3.0.10rc0"
| #define STDC_HEADERS 1
| #define HAVE_SYS_TYPES_H 1
| #define HAVE_SYS_STAT_H 1
| #define HAVE_STDLIB_H 1
| #define HAVE_STRING_H 1
| #define HAVE_MEMORY_H 1
| #define HAVE_STRINGS_H 1
| #define HAVE_INTTYPES_H 1
| #define HAVE_STDINT_H 1
| #define HAVE_UNISTD_H 1
| #define HAVE_DLFCN_H 1
| #define LT_OBJDIR ".libs/"
| #define HAVE_SYS_MMAN_H 1
| #define HAVE_MMAP 1
| #define HAVE_MMAP_FILE 1
| #define HAVE_MMAP_DEV_ZERO 1
| #define HAVE_MMAP_ANON 1
| #define STDC_HEADERS 1
| #define HAVE_MEMCPY 1
| #define HAVE_ALLOCA_H 1
| #define HAVE_ALLOCA 1
| #define SIZEOF_DOUBLE 8
| #define SIZEOF_LONG_DOUBLE 8
| /* end confdefs.h.  */
| #include <limits.h>
| 
| int
| main ()
| {
| #if ! (defined _LITTLE_ENDIAN || defined _BIG_ENDIAN)
| 	      bogus endian macros
| 	     #endif
| 
|   ;
|   return 0;
| }
configure:12083: /usr/bin/ccache arm-linux-androideabi-gcc -DANDROID -mandroid -fomit-frame-pointer --sysroot /home/spark/.buildozer/android/platform/android-ndk-r9c/platforms/android-19/arch-arm -c   conftest.c >&5
configure:12083: $? = 0
configure:12129: result: no
configure:12148: checking assembler .cfi pseudo-op support
configure:12166: /usr/bin/ccache arm-linux-androideabi-gcc -DANDROID -mandroid -fomit-frame-pointer --sysroot /home/spark/.buildozer/android/platform/android-ndk-r9c/platforms/android-19/arch-arm -c   conftest.c >&5
configure:12166: $? = 0
configure:12174: result: yes
configure:12289: checking whether .eh_frame section should be read-only
configure:12308: result: no
configure:12323: checking for __attribute__((visibility("hidden")))
configure:12332: /usr/bin/ccache arm-linux-androideabi-gcc -DANDROID -mandroid -fomit-frame-pointer --sysroot /home/spark/.buildozer/android/platform/android-ndk-r9c/platforms/android-19/arch-arm -Werror -S conftest.c -o conftest.s 1>&5
configure:12335: $? = 0
configure:12344: result: yes
configure:12673: creating ./config.status

## ---------------------- ##
## Running config.status. ##
## ---------------------- ##

This file was extended by libffi config.status 3.0.10rc0, which was
generated by GNU Autoconf 2.65.  Invocation command line was

  CONFIG_FILES    = 
  CONFIG_HEADERS  = 
  CONFIG_LINKS    = 
  CONFIG_COMMANDS = 
  $ ./config.status 

on spark-W65-67SC

config.status:1173: creating include/Makefile
config.status:1173: creating include/ffi.h
config.status:1173: creating Makefile
config.status:1173: creating testsuite/Makefile
config.status:1173: creating man/Makefile
config.status:1173: creating libffi.pc
config.status:1173: creating fficonfig.py
config.status:1173: creating fficonfig.h
config.status:1398: linking /home/spark/Purdue/Fall2017/IITP/master/counterUAV/kivy/.buildozer/android/platform/build/build/other_builds/python2/armeabi-v7a/python2/Modules/_ctypes/libffi/src/arm/ffitarget.h to include/ffitarget.h
config.status:1398: linking /home/spark/Purdue/Fall2017/IITP/master/counterUAV/kivy/.buildozer/android/platform/build/build/other_builds/python2/armeabi-v7a/python2/Modules/_ctypes/libffi/include/ffi_common.h to include/ffi_common.h
config.status:1417: executing depfiles commands
config.status:1417: executing libtool commands
config.status:1417: executing include commands
config.status:1417: executing src commands

## ---------------- ##
## Cache variables. ##
## ---------------- ##

ac_cv_build=x86_64-pc-linux-gnu
ac_cv_c_bigendian=no
ac_cv_c_compiler_gnu=yes
ac_cv_decl_map_anon=yes
ac_cv_env_CCASFLAGS_set=
ac_cv_env_CCASFLAGS_value=
ac_cv_env_CCAS_set=
ac_cv_env_CCAS_value=
ac_cv_env_CPPFLAGS_set=
ac_cv_env_CPPFLAGS_value=
ac_cv_env_CPP_set=
ac_cv_env_CPP_value=
ac_cv_env_build_alias_set=set
ac_cv_env_build_alias_value=x86_64-linux-gnu
ac_cv_env_host_alias_set=set
ac_cv_env_host_alias_value=arm-eabi
ac_cv_env_target_alias_set=
ac_cv_env_target_alias_value=
ac_cv_func_alloca_works=yes
ac_cv_func_memcpy=yes
ac_cv_func_mmap=yes
ac_cv_func_mmap_anon=yes
ac_cv_func_mmap_dev_zero=yes
ac_cv_func_mmap_file=yes
ac_cv_header_dlfcn_h=yes
ac_cv_header_inttypes_h=yes
ac_cv_header_memory_h=yes
ac_cv_header_stdc=yes
ac_cv_header_stdint_h=yes
ac_cv_header_stdlib_h=yes
ac_cv_header_string_h=yes
ac_cv_header_strings_h=yes
ac_cv_header_sys_mman_h=yes
ac_cv_header_sys_stat_h=yes
ac_cv_header_sys_types_h=yes
ac_cv_header_unistd_h=yes
ac_cv_host=arm-unknown-eabi
ac_cv_objext=o
ac_cv_path_EGREP='/bin/grep -E'
ac_cv_path_FGREP='/bin/grep -F'
ac_cv_path_GREP=/bin/grep
ac_cv_path_SED=/bin/sed
ac_cv_path_install='/usr/bin/install -c'
ac_cv_path_mkdir=/bin/mkdir
ac_cv_prog_AR=arm-linux-androideabi-ar
ac_cv_prog_AWK=mawk
ac_cv_prog_CC='/usr/bin/ccache arm-linux-androideabi-gcc -DANDROID -mandroid -fomit-frame-pointer --sysroot /home/spark/.buildozer/android/platform/android-ndk-r9c/platforms/android-19/arch-arm'
ac_cv_prog_CPP='/usr/bin/ccache arm-linux-androideabi-gcc -DANDROID -mandroid -fomit-frame-pointer --sysroot /home/spark/.buildozer/android/platform/android-ndk-r9c/platforms/android-19/arch-arm -E'
ac_cv_prog_RANLIB=arm-linux-androideabi-ranlib
ac_cv_prog_STRIP='arm-linux-androideabi-strip --strip-unneeded'
ac_cv_prog_ac_ct_OBJDUMP=objdump
ac_cv_prog_cc__usr_bin_ccache_c_o=yes
ac_cv_prog_cc_c89=
ac_cv_prog_cc_g=yes
ac_cv_prog_make_make_set=yes
ac_cv_sizeof_double=8
ac_cv_sizeof_long_double=8
ac_cv_target=arm-unknown-eabi
ac_cv_working_alloca_h=yes
am_cv_CCAS_dependencies_compiler_type=gcc3
am_cv_CC_dependencies_compiler_type=gcc3
libffi_cv_as_cfi_pseudo_op=yes
libffi_cv_hidden_visibility_attribute=yes
libffi_cv_ro_eh_frame=no
lt_cv_deplibs_check_method=unknown
lt_cv_file_magic_cmd='$MAGIC_CMD'
lt_cv_file_magic_test_file=
lt_cv_ld_reload_flag=-r
lt_cv_nm_interface='BSD nm'
lt_cv_objdir=.libs
lt_cv_path_LD=arm-linux-androideabi-ld
lt_cv_path_NM=arm-linux-androideabi-nm
lt_cv_prog_compiler_c_o=yes
lt_cv_prog_compiler_pic_works=yes
lt_cv_prog_compiler_rtti_exceptions=no
lt_cv_prog_compiler_static_works=yes
lt_cv_prog_gnu_ld=yes
lt_cv_sys_global_symbol_pipe='sed -n -e '\''s/^.*[	 ]\([ABCDGIRSTW][ABCDGIRSTW]*\)[	 ][	 ]*\([_A-Za-z][_A-Za-z0-9]*\)$/\1 \2 \2/p'\'''
lt_cv_sys_global_symbol_to_c_name_address='sed -n -e '\''s/^: \([^ ]*\) $/  {\"\1\", (void *) 0},/p'\'' -e '\''s/^[ABCDGIRSTW]* \([^ ]*\) \([^ ]*\)$/  {"\2", (void *) \&\2},/p'\'''
lt_cv_sys_global_symbol_to_c_name_address_lib_prefix='sed -n -e '\''s/^: \([^ ]*\) $/  {\"\1\", (void *) 0},/p'\'' -e '\''s/^[ABCDGIRSTW]* \([^ ]*\) \(lib[^ ]*\)$/  {"\2", (void *) \&\2},/p'\'' -e '\''s/^[ABCDGIRSTW]* \([^ ]*\) \([^ ]*\)$/  {"lib\2", (void *) \&\2},/p'\'''
lt_cv_sys_global_symbol_to_cdecl='sed -n -e '\''s/^T .* \(.*\)$/extern int \1();/p'\'' -e '\''s/^[ABCDGIRSTW]* .* \(.*\)$/extern char \1;/p'\'''
lt_cv_sys_max_cmd_len=1572864

## ----------------- ##
## Output variables. ##
## ----------------- ##

ACLOCAL='${SHELL} /home/spark/Purdue/Fall2017/IITP/master/counterUAV/kivy/.buildozer/android/platform/build/build/other_builds/python2/armeabi-v7a/python2/Modules/_ctypes/libffi/missing --run aclocal-1.11'
ALLOCA=''
ALPHA_FALSE=''
ALPHA_TRUE='#'
AMDEPBACKSLASH='\'
AMDEP_FALSE='#'
AMDEP_TRUE=''
AMTAR='${SHELL} /home/spark/Purdue/Fall2017/IITP/master/counterUAV/kivy/.buildozer/android/platform/build/build/other_builds/python2/armeabi-v7a/python2/Modules/_ctypes/libffi/missing --run tar'
AM_LTLDFLAGS=''
AM_RUNTESTFLAGS=''
AR='arm-linux-androideabi-ar'
ARM_FALSE='#'
ARM_TRUE=''
AUTOCONF='${SHELL} /home/spark/Purdue/Fall2017/IITP/master/counterUAV/kivy/.buildozer/android/platform/build/build/other_builds/python2/armeabi-v7a/python2/Modules/_ctypes/libffi/missing --run autoconf'
AUTOHEADER='${SHELL} /home/spark/Purdue/Fall2017/IITP/master/counterUAV/kivy/.buildozer/android/platform/build/build/other_builds/python2/armeabi-v7a/python2/Modules/_ctypes/libffi/missing --run autoheader'
AUTOMAKE='${SHELL} /home/spark/Purdue/Fall2017/IITP/master/counterUAV/kivy/.buildozer/android/platform/build/build/other_builds/python2/armeabi-v7a/python2/Modules/_ctypes/libffi/missing --run automake-1.11'
AVR32_FALSE=''
AVR32_TRUE='#'
AWK='mawk'
CC='/usr/bin/ccache arm-linux-androideabi-gcc -DANDROID -mandroid -fomit-frame-pointer --sysroot /home/spark/.buildozer/android/platform/android-ndk-r9c/platforms/android-19/arch-arm'
CCAS='/usr/bin/ccache arm-linux-androideabi-gcc -DANDROID -mandroid -fomit-frame-pointer --sysroot /home/spark/.buildozer/android/platform/android-ndk-r9c/platforms/android-19/arch-arm'
CCASDEPMODE='depmode=gcc3'
CCASFLAGS=''
CCDEPMODE='depmode=gcc3'
CFLAGS=''
CPP='/usr/bin/ccache arm-linux-androideabi-gcc -DANDROID -mandroid -fomit-frame-pointer --sysroot /home/spark/.buildozer/android/platform/android-ndk-r9c/platforms/android-19/arch-arm -E'
CPPFLAGS=''
CYGPATH_W='echo'
DEFS='-DHAVE_CONFIG_H'
DEPDIR='.deps'
DSYMUTIL=''
DUMPBIN=''
ECHO_C=''
ECHO_N='-n'
ECHO_T=''
EGREP='/bin/grep -E'
EXEEXT=''
FGREP='/bin/grep -F'
FRV_FALSE=''
FRV_TRUE='#'
GREP='/bin/grep'
HAVE_LONG_DOUBLE='0'
IA64_FALSE=''
IA64_TRUE='#'
INSTALL_DATA='${INSTALL} -m 644'
INSTALL_PROGRAM='${INSTALL}'
INSTALL_SCRIPT='${INSTALL}'
INSTALL_STRIP_PROGRAM='$(install_sh) -c -s'
LD='arm-linux-androideabi-ld'
LDFLAGS='-lm -L/home/spark/Purdue/Fall2017/IITP/master/counterUAV/kivy/.buildozer/android/platform/build/build/libs_collections/myapp/armeabi-v7a'
LIBFFI_CRIS_FALSE=''
LIBFFI_CRIS_TRUE='#'
LIBOBJS=''
LIBS=''
LIBTOOL='$(SHELL) $(top_builddir)/libtool'
LIPO=''
LN_S='ln -s'
LTLIBOBJS=''
M32R_FALSE=''
M32R_TRUE='#'
M68K_FALSE=''
M68K_TRUE='#'
MAINT='#'
MAINTAINER_MODE_FALSE=''
MAINTAINER_MODE_TRUE='#'
MAKEINFO='${SHELL} /home/spark/Purdue/Fall2017/IITP/master/counterUAV/kivy/.buildozer/android/platform/build/build/other_builds/python2/armeabi-v7a/python2/Modules/_ctypes/libffi/missing --run makeinfo'
MIPS_FALSE=''
MIPS_TRUE='#'
MKDIR_P='/bin/mkdir -p'
NM='arm-linux-androideabi-nm'
NMEDIT=''
OBJDUMP='objdump'
OBJEXT='o'
OTOOL64=''
OTOOL=''
PA64_HPUX_FALSE=''
PA64_HPUX_TRUE='#'
PACKAGE='libffi'
PACKAGE_BUGREPORT='http://gcc.gnu.org/bugs.html'
PACKAGE_NAME='libffi'
PACKAGE_STRING='libffi 3.0.10rc0'
PACKAGE_TARNAME='libffi'
PACKAGE_URL=''
PACKAGE_VERSION='3.0.10rc0'
PATH_SEPARATOR=':'
PA_HPUX_FALSE=''
PA_HPUX_TRUE='#'
PA_LINUX_FALSE=''
PA_LINUX_TRUE='#'
POWERPC_AIX_FALSE=''
POWERPC_AIX_TRUE='#'
POWERPC_DARWIN_FALSE=''
POWERPC_DARWIN_TRUE='#'
POWERPC_FALSE=''
POWERPC_FREEBSD_FALSE=''
POWERPC_FREEBSD_TRUE='#'
POWERPC_TRUE='#'
RANLIB='arm-linux-androideabi-ranlib'
S390_FALSE=''
S390_TRUE='#'
SED='/bin/sed'
SET_MAKE=''
SH64_FALSE=''
SH64_TRUE='#'
SHELL='/bin/bash'
SH_FALSE=''
SH_TRUE='#'
SPARC_FALSE=''
SPARC_TRUE='#'
STRIP='arm-linux-androideabi-strip --strip-unneeded'
TARGET='ARM'
TARGETDIR='arm'
TESTSUBDIR_FALSE='#'
TESTSUBDIR_TRUE=''
VERSION='3.0.10rc0'
X86_64_FALSE=''
X86_64_TRUE='#'
X86_DARWIN_FALSE=''
X86_DARWIN_TRUE='#'
X86_FALSE=''
X86_FREEBSD_FALSE=''
X86_FREEBSD_TRUE='#'
X86_TRUE='#'
X86_WIN32_FALSE=''
X86_WIN32_TRUE='#'
X86_WIN64_FALSE=''
X86_WIN64_TRUE='#'
ac_ct_CC=''
ac_ct_DUMPBIN=''
am__EXEEXT_FALSE=''
am__EXEEXT_TRUE='#'
am__fastdepCCAS_FALSE='#'
am__fastdepCCAS_TRUE=''
am__fastdepCC_FALSE='#'
am__fastdepCC_TRUE=''
am__include='include'
am__isrc=' -I$(srcdir)'
am__leading_dot='.'
am__quote=''
am__tar='${AMTAR} chof - "$$tardir"'
am__untar='${AMTAR} xf -'
bindir='${exec_prefix}/bin'
build='x86_64-pc-linux-gnu'
build_alias='x86_64-linux-gnu'
build_cpu='x86_64'
build_os='linux-gnu'
build_vendor='pc'
datadir='${datarootdir}'
datarootdir='${prefix}/share'
docdir='${datarootdir}/doc/${PACKAGE_TARNAME}'
dvidir='${docdir}'
exec_prefix='${prefix}'
host='arm-unknown-eabi'
host_alias='arm-eabi'
host_cpu='arm'
host_os='eabi'
host_vendor='unknown'
htmldir='${docdir}'
includedir='${prefix}/include'
infodir='${datarootdir}/info'
install_sh='${SHELL} /home/spark/Purdue/Fall2017/IITP/master/counterUAV/kivy/.buildozer/android/platform/build/build/other_builds/python2/armeabi-v7a/python2/Modules/_ctypes/libffi/install-sh'
libdir='${exec_prefix}/lib'
libexecdir='${exec_prefix}/libexec'
localedir='${datarootdir}/locale'
localstatedir='${prefix}/var'
lt_ECHO='echo'
mandir='${datarootdir}/man'
mkdir_p='/bin/mkdir -p'
oldincludedir='/usr/include'
pdfdir='${docdir}'
prefix='/usr/local'
program_transform_name='s,x,x,'
psdir='${docdir}'
sbindir='${exec_prefix}/sbin'
sharedstatedir='${prefix}/com'
sysconfdir='${prefix}/etc'
target='arm-unknown-eabi'
target_alias='arm-eabi'
target_cpu='arm'
target_os='eabi'
target_vendor='unknown'
toolexecdir='$(libdir)/gcc-lib/$(target_alias)'
toolexeclibdir='$(libdir)'

## ----------- ##
## confdefs.h. ##
## ----------- ##

/* confdefs.h */
#define PACKAGE_NAME "libffi"
#define PACKAGE_TARNAME "libffi"
#define PACKAGE_VERSION "3.0.10rc0"
#define PACKAGE_STRING "libffi 3.0.10rc0"
#define PACKAGE_BUGREPORT "http://gcc.gnu.org/bugs.html"
#define PACKAGE_URL ""
#define PACKAGE "libffi"
#define VERSION "3.0.10rc0"
#define STDC_HEADERS 1
#define HAVE_SYS_TYPES_H 1
#define HAVE_SYS_STAT_H 1
#define HAVE_STDLIB_H 1
#define HAVE_STRING_H 1
#define HAVE_MEMORY_H 1
#define HAVE_STRINGS_H 1
#define HAVE_INTTYPES_H 1
#define HAVE_STDINT_H 1
#define HAVE_UNISTD_H 1
#define HAVE_DLFCN_H 1
#define LT_OBJDIR ".libs/"
#define HAVE_SYS_MMAN_H 1
#define HAVE_MMAP 1
#define HAVE_MMAP_FILE 1
#define HAVE_MMAP_DEV_ZERO 1
#define HAVE_MMAP_ANON 1
#define STDC_HEADERS 1
#define HAVE_MEMCPY 1
#define HAVE_ALLOCA_H 1
#define HAVE_ALLOCA 1
#define SIZEOF_DOUBLE 8
#define SIZEOF_LONG_DOUBLE 8
#define HAVE_AS_CFI_PSEUDO_OP 1
#define EH_FRAME_FLAGS "aw"
#define HAVE_HIDDEN_VISIBILITY_ATTRIBUTE 1

configure: exit 0
